2026-03-28 15:51:12,560 [INFO] 🚀 Запуск парсера Onbon
2026-03-28 15:51:12,561 [INFO] 📦 Загружено 131 моделей из onbon_slugs.txt
2026-03-28 15:51:12,562 [INFO] [1/131] Обработка: bx-5qlue-2
2026-03-28 15:51:16,337 [INFO] [2/131] Обработка: bx-vh-external-sending-box
2026-03-28 15:51:18,503 [INFO] [3/131] Обработка: bx-v-receiving-card
2026-03-28 15:51:20,669 [INFO] [4/131] Обработка: bx-vs-sending-card
2026-03-28 15:51:22,839 [INFO] [5/131] Обработка: bx-v75l-receiving-card
2026-03-28 15:51:24,983 [INFO] [6/131] Обработка: bx-yq1-75
2026-03-28 15:51:27,218 [INFO] [7/131] Обработка: bx-yq1
2026-03-28 15:51:29,398 [INFO] [8/131] Обработка: bx-5mteu
2026-03-28 15:51:31,625 [INFO] [9/131] Обработка: bx-5m1-eu
2026-03-28 15:51:33,809 [INFO] [10/131] Обработка: bx-5m2-eu
2026-03-28 15:51:36,140 [INFO] [11/131] Обработка: bx-5m3-eu
2026-03-28 15:51:38,400 [INFO] [12/131] Обработка: bx-5m4-eu
2026-03-28 15:51:40,528 [INFO] [13/131] Обработка: bx-5ul-usb
2026-03-28 15:51:42,636 [INFO] [14/131] Обработка: bx-5ut
2026-03-28 15:51:44,751 [INFO] [15/131] Обработка: bx-5u0
2026-03-28 15:51:47,282 [INFO] [16/131] Обработка: bx-5u1-us
2026-03-28 15:51:49,363 [INFO] [17/131] Обработка: bx-5u2-us
2026-03-28 15:51:51,496 [INFO] [18/131] Обработка: bx-5u3-us
2026-03-28 15:51:53,675 [INFO] [19/131] Обработка: bx-5u4-us
2026-03-28 15:51:55,856 [INFO] [20/131] Обработка: bx-5u-us
2026-03-28 15:51:58,033 [INFO] [21/131] Обработка: bx-5e1-su
2026-03-28 15:52:00,174 [INFO] [22/131] Обработка: bx-5e1-eu
2026-03-28 15:52:02,342 [INFO] [23/131] Обработка: bx-5e2-su
2026-03-28 15:52:04,506 [INFO] [24/131] Обработка: bx-5e2-eu
2026-03-28 15:52:06,649 [INFO] [25/131] Обработка: bx-5e3-esu
2026-03-28 15:52:08,772 [INFO] [26/131] Обработка: bx-5k1serial
2026-03-28 15:52:10,945 [INFO] [27/131] Обработка: bx-5k2-serial
2026-03-28 15:52:13,094 [INFO] [28/131] Обработка: bx-5a2g
2026-03-28 15:52:15,247 [INFO] [29/131] Обработка: bx-5atg
2026-03-28 15:52:17,456 [INFO] [30/131] Обработка: bx-5alg
2026-03-28 15:52:19,594 [INFO] [31/131] Обработка: bx-5atwifi
2026-03-28 15:52:22,691 [INFO] [32/131] Обработка: bx-5a2rf
2026-03-28 15:52:24,948 [INFO] [33/131] Обработка: bx-5a4wifi
2026-03-28 15:52:27,140 [INFO] [34/131] Обработка: bx-wifi
2026-03-28 15:52:29,247 [INFO] [35/131] Обработка: bx-rf
2026-03-28 15:52:31,395 [INFO] [36/131] Обработка: hub256-t12
2026-03-28 15:52:33,717 [INFO] [37/131] Обработка: hub256-t8
2026-03-28 15:52:35,851 [INFO] [38/131] Обработка: hub128-t12
2026-03-28 15:52:38,019 [INFO] [39/131] Обработка: hub128-t8
2026-03-28 15:52:40,121 [INFO] [40/131] Обработка: usbrs232-conversion-line
2026-03-28 15:52:42,266 [INFO] [41/131] Обработка: infrared-remote-controller
2026-03-28 15:52:44,413 [INFO] [42/131] Обработка: usb-extension-cable
2026-03-28 15:52:46,548 [INFO] [43/131] Обработка: 5v2a-power-adapter
2026-03-28 15:52:48,679 [INFO] [44/131] Обработка: 50pin-row-cable-new
2026-03-28 15:52:50,720 [INFO] [45/131] Обработка: hub-adapter
2026-03-28 15:52:52,824 [INFO] [46/131] Обработка: hub-t74a-bx-vyq
2026-03-28 15:52:54,915 [INFO] [47/131] Обработка: hub-t75a-bx-vyq
2026-03-28 15:52:57,393 [INFO] [48/131] Обработка: hub-t90-bx-vyq
2026-03-28 15:52:59,558 [INFO] [49/131] Обработка: temperatur-sensor
2026-03-28 15:53:01,653 [INFO] [50/131] Обработка: temperaturhumidity-sensor
2026-03-28 15:53:03,859 [INFO] [51/131] Обработка: brightness-sensor
2026-03-28 15:53:06,011 [INFO] [52/131] Обработка: bx-3gprs
2026-03-28 15:53:08,094 [INFO] [53/131] Обработка: bx-3gw-cdma
2026-03-28 15:53:10,190 [INFO] [54/131] Обработка: 676
2026-03-28 15:53:12,494 [INFO] [55/131] Обработка: bx-5a1wifi
2026-03-28 15:53:14,705 [INFO] [56/131] Обработка: bx-5a2wifi
2026-03-28 15:53:17,015 [INFO] [57/131] Обработка: bx-5a4rf
2026-03-28 15:53:19,135 [INFO] [58/131] Обработка: bx-5qsue
2026-03-28 15:53:21,492 [INFO] [59/131] Обработка: bx-6e1
2026-03-28 15:53:24,569 [INFO] [60/131] Обработка: bx-6e2
2026-03-28 15:53:26,708 [INFO] [61/131] Обработка: bx-6e3
2026-03-28 15:53:32,042 [INFO] [62/131] Обработка: bx-mfyq-multifunciton-card
2026-03-28 15:53:34,169 [INFO] [63/131] Обработка: bx-rf100s
2026-03-28 15:53:36,291 [INFO] [64/131] Обработка: bx-v75-receiving-card
2026-03-28 15:53:38,430 [INFO] [65/131] Обработка: bx-vmf
2026-03-28 15:53:40,614 [INFO] [66/131] Обработка: bx-6q1
2026-03-28 15:53:42,834 [INFO] [67/131] Обработка: bx-6q2l
2026-03-28 15:53:44,979 [INFO] [68/131] Обработка: bx-6q2
2026-03-28 15:53:50,160 [INFO] [69/131] Обработка: bx-6q3l
2026-03-28 15:53:52,274 [INFO] [70/131] Обработка: bx-6q3
2026-03-28 15:53:54,512 [INFO] [71/131] Обработка: bx-vhe-external-sending-box-kopiya
2026-03-28 15:53:56,660 [INFO] [72/131] Обработка: bx-5q1ue-75a-2
2026-03-28 15:53:58,755 [INFO] [73/131] Обработка: hub512-t12bx-6x
2026-03-28 15:54:00,926 [INFO] [74/131] Обработка: hub512-t08bx-6x
2026-03-28 15:54:03,063 [INFO] [75/131] Обработка: bx-yq4
2026-03-28 15:54:05,215 [INFO] [76/131] Обработка: hub-t08-bx-v
2026-03-28 15:54:07,324 [INFO] [77/131] Обработка: bx-dc
2026-03-28 15:54:09,506 [INFO] [78/131] Обработка: bx-5a0wifi
2026-03-28 15:54:11,710 [INFO] [79/131] Обработка: bx-yq2a
2026-03-28 15:54:14,027 [INFO] [80/131] Обработка: bx-yq2ae
2026-03-28 15:54:16,189 [INFO] [81/131] Обработка: bx-yq3a
2026-03-28 15:54:18,361 [INFO] [82/131] Обработка: bx-yq3ae
2026-03-28 15:54:20,517 [INFO] [83/131] Обработка: ovp-l1
2026-03-28 15:54:22,745 [INFO] [84/131] Обработка: ovp-m1s4
2026-03-28 15:54:25,124 [INFO] [85/131] Обработка: ovp-m1s2
2026-03-28 15:54:27,764 [INFO] [86/131] Обработка: bx-vse-external-sending-box
2026-03-28 15:54:29,841 [INFO] [87/131] Обработка: bx-6ql-75
2026-03-28 15:54:31,977 [INFO] [88/131] Обработка: ovp-m1
2026-03-28 15:54:34,276 [INFO] [89/131] Обработка: bx-6q0-75
2026-03-28 15:54:36,408 [INFO] [90/131] Обработка: bx-y04
2026-03-28 15:54:38,571 [INFO] [91/131] Обработка: bx-y08
2026-03-28 15:54:40,724 [INFO] [92/131] Обработка: bx-y2l
2026-03-28 15:54:43,073 [INFO] [93/131] Обработка: bx-y2
2026-03-28 15:54:45,222 [INFO] [94/131] Обработка: bx-y3
2026-03-28 15:54:47,649 [INFO] [95/131] Обработка: bx-yq1g-75
2026-03-28 15:54:49,848 [INFO] [96/131] Обработка: bx-yq1g-75-wifi
2026-03-28 15:54:52,041 [INFO] [97/131] Обработка: bx-yq5e
2026-03-28 15:54:54,173 [INFO] [98/131] Обработка: ovp-m3
2026-03-28 15:54:56,373 [INFO] [99/131] Обработка: sdi-modul-dlya-ovp
2026-03-28 15:54:58,488 [INFO] [100/131] Обработка: x-u2l
2026-03-28 15:55:00,713 [INFO] [101/131] Обработка: hub-t75a-bx-5q
2026-03-28 15:55:02,896 [INFO] [102/131] Обработка: hub-t74a-bx-5q
2026-03-28 15:55:05,057 [INFO] [103/131] Обработка: hub-t08a-bx-5q
2026-03-28 15:55:07,197 [INFO] [104/131] Обработка: ovp-m2
2026-03-28 15:55:10,147 [INFO] [105/131] Обработка: x-u2
2026-03-28 15:55:12,320 [INFO] [106/131] Обработка: x-u3l
2026-03-28 15:55:14,524 [INFO] [107/131] Обработка: x-u3
2026-03-28 15:55:16,684 [INFO] [108/131] Обработка: x-u4l
2026-03-28 15:55:18,846 [INFO] [109/131] Обработка: x-u4
2026-03-28 15:55:20,956 [INFO] [110/131] Обработка: x-w4
2026-03-28 15:55:23,109 [INFO] [111/131] Обработка: x-w4l
2026-03-28 15:55:25,398 [INFO] [112/131] Обработка: x-w3
2026-03-28 15:55:27,630 [INFO] [113/131] Обработка: x-w3l
2026-03-28 15:55:29,808 [INFO] [114/131] Обработка: x-w2
2026-03-28 15:55:32,381 [INFO] [115/131] Обработка: x-w2l
2026-03-28 15:55:34,494 [INFO] [116/131] Обработка: bx-6w0
2026-03-28 15:55:36,643 [INFO] [117/131] Обработка: bx-6w1
2026-03-28 15:55:38,854 [INFO] [118/131] Обработка: bx-6wt-0812-wifi
2026-03-28 15:55:41,009 [INFO] [119/131] Обработка: bx-6w3-wifi
2026-03-28 15:55:43,095 [INFO] [120/131] Обработка: bx-6w-wifi
2026-03-28 15:55:45,229 [INFO] [121/131] Обработка: bx-6mt-0812
2026-03-28 15:55:47,380 [INFO] [122/131] Обработка: bx-6m0
2026-03-28 15:55:49,516 [INFO] [123/131] Обработка: bx-6m1
2026-03-28 15:55:51,871 [INFO] [124/131] Обработка: bx-6m3
2026-03-28 15:55:54,072 [INFO] [125/131] Обработка: bx-6m
2026-03-28 15:55:56,257 [INFO] [126/131] Обработка: bx-6ut-0812
2026-03-28 15:55:58,475 [INFO] [127/131] Обработка: bx-6u0
2026-03-28 15:56:00,619 [INFO] [128/131] Обработка: bx-6u1
2026-03-28 15:56:02,770 [INFO] [129/131] Обработка: bx-6u3
2026-03-28 15:56:04,944 [INFO] [130/131] Обработка: bx-6u
2026-03-28 15:56:07,115 [INFO] [131/131] Обработка: infrared-remote-controller-yq
2026-03-28 15:56:08,767 [INFO] 💾 Экспортировано 2093 строк в onbon_catalog.csv
2026-03-28 15:56:08,773 [INFO] 🏁 Завершено: 131/131
